0 info it worked if it ends with ok
1 verbose cli [ 'C:\\Program Files\\nodejs\\node.exe',
1 verbose cli   'C:\\Program Files\\nodejs\\node_modules\\npm\\bin\\npm-cli.js',
1 verbose cli   'run',
1 verbose cli   'ionic:serve',
1 verbose cli   '--',
1 verbose cli   '--v2',
1 verbose cli   '--address',
1 verbose cli   '0.0.0.0',
1 verbose cli   '--port',
1 verbose cli   '8100',
1 verbose cli   '--livereload-port',
1 verbose cli   '35729' ]
2 info using npm@3.10.10
3 info using node@v6.10.1
4 verbose run-script [ 'preionic:serve', 'ionic:serve', 'postionic:serve' ]
5 info lifecycle ionic-hello-world@~preionic:serve: ionic-hello-world@
6 silly lifecycle ionic-hello-world@~preionic:serve: no script for preionic:serve, continuing
7 info lifecycle ionic-hello-world@~ionic:serve: ionic-hello-world@
8 verbose lifecycle ionic-hello-world@~ionic:serve: unsafe-perm in lifecycle true
9 verbose lifecycle ionic-hello-world@~ionic:serve: PATH: C:\Program Files\nodejs\node_modules\npm\bin\node-gyp-bin;D:\EECS 394\blue_pvmnt2.0\node_modules\.bin;C:\ProgramData\Oracle\Java\javapath;c:\program files (x86)\intel\icls client\;c:\program files\intel\icls client\;c:\windows\system32;c:\windows;c:\windows\system32\wbem;c:\windows\system32\windowspowershell\v1.0\;c:\program files (x86)\windows live\shared;c:\program files\intel\intel(r) management engine components\dal;c:\program files\intel\intel(r) management engine components\ipt;c:\program files (x86)\intel\intel(r) management engine components\dal;c:\program files (x86)\intel\intel(r) management engine components\ipt;c:\program files\microsoft sql server\110\tools\binn\;c:\program files (x86)\windows kits\8.1\windows performance toolkit\;c:\program files\matlab\r2013a\runtime\win64;c:\program files\matlab\r2013a\bin;c:\program files (x86)\miktex 2.9\miktex\bin\;c:\windows\system32;c:\windows;c:\windows\system32\wbem;c:\windows\system32\windowspowershell\v1.0\;c:\program files\mysql\mysql utilities 1.6\;c:\program files (x86)\gtksharp\2.12\bin;C:\Program Files\nodejs\;C:\Program Files\Java\jdk1.8.0_121\bin;C:\Python27\Scripts;C:\Users\Stan\Anaconda\Scripts;C:\Users\Stan\AppData\Local\atom\bin;C:\Program Files (x86)\Microsoft VS Code\bin;C:\Users\Stan\AppData\Local\Microsoft\WindowsApps;C:\Users\Stan\AppData\Roaming\npm
10 verbose lifecycle ionic-hello-world@~ionic:serve: CWD: D:\EECS 394\blue_pvmnt2.0
11 silly lifecycle ionic-hello-world@~ionic:serve: Args: [ '/d /s /c',
11 silly lifecycle   'ionic-app-scripts serve "--v2" "--address" "0.0.0.0" "--port" "8100" "--livereload-port" "35729"' ]
12 verbose stack Error: kill ENOSYS
12 verbose stack     at exports._errnoException (util.js:1018:11)
12 verbose stack     at process.kill (internal/process.js:190:13)
12 verbose stack     at process.listener (C:\Program Files\nodejs\node_modules\npm\node_modules\npmlog\node_modules\gauge\node_modules\signal-exit\index.js:86:15)
12 verbose stack     at emitNone (events.js:91:20)
12 verbose stack     at process.emit (events.js:185:7)
12 verbose stack     at processEmit (C:\Program Files\nodejs\node_modules\npm\node_modules\npmlog\node_modules\gauge\node_modules\signal-exit\index.js:146:32)
12 verbose stack     at processEmit (C:\Program Files\nodejs\node_modules\npm\node_modules\npm-registry-client\node_modules\npmlog\node_modules\gauge\node_modules\signal-exit\index.js:146:32)
12 verbose stack     at Signal.wrap.onsignal (internal/process.js:217:44)
13 verbose cwd D:\EECS 394\blue_pvmnt2.0
14 error Windows_NT 10.0.14393
15 error argv "C:\\Program Files\\nodejs\\node.exe" "C:\\Program Files\\nodejs\\node_modules\\npm\\bin\\npm-cli.js" "run" "ionic:serve" "--" "--v2" "--address" "0.0.0.0" "--port" "8100" "--livereload-port" "35729"
16 error node v6.10.1
17 error npm  v3.10.10
18 error code ENOSYS
19 error errno ENOSYS
20 error syscall kill
21 error kill ENOSYS
22 error If you need help, you may report this error at:
22 error     <https://github.com/npm/npm/issues>
23 verbose exit [ 1, true ]
